<?xml version="1.0" encoding="utf-8"?><testsuites name="pytest tests"><testsuite name="pytest" errors="0" failures="0" skipped="0" tests="5" time="10.057" timestamp="2026-07-16T20:32:11.223802+00:00" hostname="agent-env-75149dea-ebcd-41d3-a0bd-c2723504496b"><testcase classname="backend.tests.test_case_insensitive_auth.TestCaseInsensitiveRegistration" name="test_A_reject_case_variants_of_new_user" time="3.216" /><testcase classname="backend.tests.test_case_insensitive_auth.TestCaseInsensitiveRegistration" name="test_B_login_case_insensitive_same_user_id" time="3.566" /><testcase classname="backend.tests.test_case_insensitive_auth.TestCaseInsensitiveRegistration" name="test_C_reject_case_variant_of_existing_user" time="1.477" /><testcase classname="backend.tests.test_case_insensitive_auth.TestCaseInsensitiveRegistration" name="test_D_duplicate_email_still_rejected" time="1.195" /><testcase classname="backend.tests.test_case_insensitive_auth.TestCaseInsensitiveRegistration" name="test_E_existing_user_regression_login" time="0.452" /></testsuite></testsuites>