<?xml version="1.0" encoding="utf-8"?><testsuites name="pytest tests"><testsuite name="pytest" errors="0" failures="0" skipped="0" tests="4" time="2.467" timestamp="2026-07-05T12:10:34.542238+00:00" hostname="agent-env-75149dea-ebcd-41d3-a0bd-c2723504496b"><testcase classname="backend.tests.test_review_iter16" name="test_latest_global_public_no_auth" time="0.122" /><testcase classname="backend.tests.test_review_iter16" name="test_latest_global_expected_masks_present" time="0.112" /><testcase classname="backend.tests.test_review_iter16" name="test_thread_since_returns_own_msg_after_read" time="1.771" /><testcase classname="backend.tests.test_review_iter16" name="test_admin_ui_config_toggle" time="0.393" /></testsuite></testsuites>