<?xml version="1.0" encoding="utf-8"?><testsuites name="pytest tests"><testsuite name="pytest" errors="0" failures="3" skipped="0" tests="12" time="4.385" timestamp="2026-07-27T00:19:24.551981+00:00" hostname="agent-env-75149dea-ebcd-41d3-a0bd-c2723504496b"><testcase classname="backend.tests.test_iteration_41_mobile_bonus_payments" name="test_bonus_full_claim_workflow_and_recent_gifts" time="0.928" /><testcase classname="backend.tests.test_iteration_41_mobile_bonus_payments" name="test_bonus_validation_and_expire" time="0.139" /><testcase classname="backend.tests.test_iteration_41_mobile_bonus_payments" name="test_paypal_test_urls[sandbox-www.sandbox.paypal.com]" time="0.047" /><testcase classname="backend.tests.test_iteration_41_mobile_bonus_payments" name="test_paypal_test_urls[live-www.paypal.com]" time="0.052" /><testcase classname="backend.tests.test_iteration_41_mobile_bonus_payments" name="test_paypal_checkout" time="0.050" /><testcase classname="backend.tests.test_iteration_41_mobile_bonus_payments" name="test_paypal_config_save" time="0.094" /><testcase classname="backend.tests.test_iteration_41_mobile_bonus_payments" name="test_nowpayments_email_password_only_save" time="0.090" /><testcase classname="backend.tests.test_iteration_41_mobile_bonus_payments" name="test_discord_welcome_status_and_offline_actions" time="0.182" /><testcase classname="backend.tests.test_iteration_41_mobile_bonus_payments" name="test_owner_bcrypt_hash" time="0.222" /><testcase classname="backend.tests.test_iteration_41_mobile_bonus_payments" name="test_login_sets_httponly_cookie" time="0.309"><failure message="AssertionError: &#10;assert ('HttpOnly' in '')">backend/tests/test_iteration_41_mobile_bonus_payments.py:295: in test_login_sets_httponly_cookie
    assert "HttpOnly" in cookie and ("access_token=" in cookie or "session_token=" in cookie), cookie
E   AssertionError: 
E   assert ('HttpOnly' in '')</failure></testcase><testcase classname="backend.tests.test_iteration_41_mobile_bonus_payments" name="test_login_bruteforce_lockout_after_five_failures" time="1.905"><failure message="AssertionError: No lockout/rate limit after 6 invalid attempts: [401, 401, 401, 401, 401, 401]&#10;assert False&#10; +  where False = any(&lt;generator object test_login_bruteforce_lockout_after_five_failures.&lt;locals&gt;.&lt;genexpr&gt; at 0xfd0787a1c2b0&gt;)">backend/tests/test_iteration_41_mobile_bonus_payments.py:304: in test_login_bruteforce_lockout_after_five_failures
    assert any(code == 429 for code in statuses[4:]), f"No lockout/rate limit after 6 invalid attempts: {statuses}"
E   AssertionError: No lockout/rate limit after 6 invalid attempts: [401, 401, 401, 401, 401, 401]
E   assert False
E    +  where False = any(&lt;generator object test_login_bruteforce_lockout_after_five_failures.&lt;locals&gt;.&lt;genexpr&gt; at 0xfd0787a1c2b0&gt;)</failure></testcase><testcase classname="backend.tests.test_iteration_41_mobile_bonus_payments" name="test_cors_credentials_uses_explicit_origin" time="0.018"><failure message="AssertionError: assert '*' != '*'&#10; +  where '*' = get('Access-Control-Allow-Origin')&#10; +    where get = {'Date': 'Mon, 27 Jul 2026 00:19:28 GMT', 'Connection': 'keep-alive', 'Access-Control-Allow-Origin': '*', 'Access-Control-Allow-Headers': '*', 'Access-Control-Allow-Methods': 'GET, POST, PUT, DELETE, OPTIONS, HEAD, PATCH', 'Access-Control-Max-Age': '300', 'X-Robots-Tag': 'noindex, nofollow', 'Server': 'cloudflare', 'CF-RAY': 'a2177909bc90e7fd-ORD'}.get&#10; +      where {'Date': 'Mon, 27 Jul 2026 00:19:28 GMT', 'Connection': 'keep-alive', 'Access-Control-Allow-Origin': '*', 'Access-Control-Allow-Headers': '*', 'Access-Control-Allow-Methods': 'GET, POST, PUT, DELETE, OPTIONS, HEAD, PATCH', 'Access-Control-Max-Age': '300', 'X-Robots-Tag': 'noindex, nofollow', 'Server': 'cloudflare', 'CF-RAY': 'a2177909bc90e7fd-ORD'} = &lt;Response [204]&gt;.headers">backend/tests/test_iteration_41_mobile_bonus_payments.py:319: in test_cors_credentials_uses_explicit_origin
    assert response.headers.get("Access-Control-Allow-Origin") != "*"
E   AssertionError: assert '*' != '*'
E    +  where '*' = get('Access-Control-Allow-Origin')
E    +    where get = {'Date': 'Mon, 27 Jul 2026 00:19:28 GMT', 'Connection': 'keep-alive', 'Access-Control-Allow-Origin': '*', 'Access-Control-Allow-Headers': '*', 'Access-Control-Allow-Methods': 'GET, POST, PUT, DELETE, OPTIONS, HEAD, PATCH', 'Access-Control-Max-Age': '300', 'X-Robots-Tag': 'noindex, nofollow', 'Server': 'cloudflare', 'CF-RAY': 'a2177909bc90e7fd-ORD'}.get
E    +      where {'Date': 'Mon, 27 Jul 2026 00:19:28 GMT', 'Connection': 'keep-alive', 'Access-Control-Allow-Origin': '*', 'Access-Control-Allow-Headers': '*', 'Access-Control-Allow-Methods': 'GET, POST, PUT, DELETE, OPTIONS, HEAD, PATCH', 'Access-Control-Max-Age': '300', 'X-Robots-Tag': 'noindex, nofollow', 'Server': 'cloudflare', 'CF-RAY': 'a2177909bc90e7fd-ORD'} = &lt;Response [204]&gt;.headers</failure></testcase></testsuite></testsuites>