<?xml version="1.0" encoding="utf-8"?><testsuites name="pytest tests"><testsuite name="pytest" errors="0" failures="1" skipped="0" tests="7" time="28.071" timestamp="2026-07-06T15:04:51.128163+00:00" hostname="agent-env-75149dea-ebcd-41d3-a0bd-c2723504496b"><testcase classname="backend.tests.test_iter17_public_chat.TestPublicChat" name="test_get_messages_no_auth" time="0.276" /><testcase classname="backend.tests.test_iter17_public_chat.TestPublicChat" name="test_send_requires_auth" time="0.122" /><testcase classname="backend.tests.test_iter17_public_chat.TestPublicChat" name="test_send_and_appear" time="5.206" /><testcase classname="backend.tests.test_iter17_public_chat.TestPublicChat" name="test_rate_limit_3s" time="7.970" /><testcase classname="backend.tests.test_iter17_public_chat.TestPublicChat" name="test_since_polling_filter" time="4.750"><failure message="AssertionError: assert '2026-07-06T15:05:04.908801+00:00' &gt; '2026-07-06T15:05:04.908801+00:00'">backend/tests/test_iter17_public_chat.py:112: in test_since_polling_filter
    assert m["created_at"] &gt; latest_ts
E   AssertionError: assert '2026-07-06T15:05:04.908801+00:00' &gt; '2026-07-06T15:05:04.908801+00:00'</failure></testcase><testcase classname="backend.tests.test_iter17_public_chat.TestPublicChat" name="test_owner_role_present" time="5.362" /><testcase classname="backend.tests.test_iter17_public_chat.TestPublicChat" name="test_input_length_limit" time="4.135" /></testsuite></testsuites>