<?xml version="1.0" encoding="utf-8"?><testsuites name="pytest tests"><testsuite name="pytest" errors="0" failures="1" skipped="0" tests="7" time="2.065" timestamp="2026-07-26T12:45:51.084200+00:00" hostname="agent-env-75149dea-ebcd-41d3-a0bd-c2723504496b"><testcase classname="backend.tests.test_iteration_38_multi_order.TestMultiOrderValidation" name="test_zero_items_returns_422" time="0.551" /><testcase classname="backend.tests.test_iteration_38_multi_order.TestMultiOrderValidation" name="test_twenty_items_returns_422" time="0.045" /><testcase classname="backend.tests.test_iteration_38_multi_order.TestMultiOrderValidation" name="test_unknown_service_rejects_whole_request_without_charge" time="0.239" /><testcase classname="backend.tests.test_iteration_38_multi_order.TestMultiOrderValidation" name="test_insufficient_balance_returns_402_without_charge" time="0.100" /><testcase classname="backend.tests.test_iteration_38_multi_order.TestMultiOrderValidation" name="test_custom_text_service_requires_comments" time="0.049" /><testcase classname="backend.tests.test_iteration_38_multi_order.TestMultiOrderPlacement" name="test_automated_plus_manual_order_success" time="0.646"><failure message="AssertionError: assert (1 == 2)&#10; +  where 1 = &lt;built-in method get of dict object at 0xfc2170b7a280&gt;('placed')&#10; +    where &lt;built-in method get of dict object at 0xfc2170b7a280&gt; = {'balance': 190.53, 'failed': 1, 'ok': True, 'order_ids': ['68ac5108-ba63-4d76-b98d-387dd4464df2'], ...}.get">backend/tests/test_iteration_38_multi_order.py:309: in test_automated_plus_manual_order_success
    assert data.get("placed") == 2 and data.get("failed") == 0
E   AssertionError: assert (1 == 2)
E    +  where 1 = &lt;built-in method get of dict object at 0xfc2170b7a280&gt;('placed')
E    +    where &lt;built-in method get of dict object at 0xfc2170b7a280&gt; = {'balance': 190.53, 'failed': 1, 'ok': True, 'order_ids': ['68ac5108-ba63-4d76-b98d-387dd4464df2'], ...}.get</failure></testcase><testcase classname="backend.tests.test_iteration_38_multi_order.TestSingleOrderRegression" name="test_single_manual_order_still_works" time="0.054" /></testsuite></testsuites>