<?xml version="1.0" encoding="utf-8"?><testsuites name="pytest tests"><testsuite name="pytest" errors="0" failures="4" skipped="0" tests="12" time="3.340" timestamp="2026-08-01T14:26:25.118109+00:00" hostname="agent-env-75149dea-ebcd-41d3-a0bd-c2723504496b"><testcase classname="backend.tests.test_iteration_43_addons_discount_discord" name="test_addons_catalog_contract" time="0.895" /><testcase classname="backend.tests.test_iteration_43_addons_discount_discord" name="test_discount_key_full_lifecycle_and_discounted_quote" time="0.530" /><testcase classname="backend.tests.test_iteration_43_addons_discount_discord" name="test_blacklist_cross_user_enforcement_and_short_link_rejection" time="0.222" /><testcase classname="backend.tests.test_iteration_43_addons_discount_discord" name="test_live_sub_numeric_uncached_id_guidance" time="0.047" /><testcase classname="backend.tests.test_iteration_43_addons_discount_discord" name="test_api_key_regeneration" time="0.132" /><testcase classname="backend.tests.test_iteration_43_addons_discount_discord" name="test_discord_guild_ownership_crud_and_expected_invite_503" time="0.267" /><testcase classname="backend.tests.test_iteration_43_addons_discount_discord" name="test_admin_moderator_role_round_trip" time="0.224" /><testcase classname="backend.tests.test_iteration_43_addons_discount_discord" name="test_discount_admin_api_rejects_moderator" time="0.173"><failure message="AssertionError: Moderator accessed owner-only discount keys: 200 {&quot;keys&quot;:[]}&#10;assert 200 == 403&#10; +  where 200 = &lt;Response [200]&gt;.status_code">backend/tests/test_iteration_43_addons_discount_discord.py:377: in test_discount_admin_api_rejects_moderator
    assert response.status_code == 403, (
E   AssertionError: Moderator accessed owner-only discount keys: 200 {"keys":[]}
E   assert 200 == 403
E    +  where 200 = &lt;Response [200]&gt;.status_code</failure></testcase><testcase classname="backend.tests.test_iteration_43_addons_discount_discord" name="test_auth_password_hash_format" time="0.001" /><testcase classname="backend.tests.test_iteration_43_addons_discount_discord" name="test_auth_login_sets_httponly_cookie" time="0.000"><failure message="AssertionError: assert ('')">backend/tests/test_iteration_43_addons_discount_discord.py:398: in test_auth_login_sets_httponly_cookie
    assert set_cookie and "HttpOnly" in set_cookie and "access_token=" in set_cookie
E   AssertionError: assert ('')</failure></testcase><testcase classname="backend.tests.test_iteration_43_addons_discount_discord" name="test_auth_cors_uses_explicit_trusted_origins" time="0.017"><failure message="AssertionError: {'Date': 'Sat, 01 Aug 2026 14:26:27 GMT', 'Connection': 'keep-alive', 'Access-Control-Allow-Origin': '*', 'Access-Cont...Control-Max-Age': '300', 'X-Robots-Tag': 'noindex, nofollow', 'Server': 'cloudflare', 'CF-RAY': 'a245849bf80d8243-ORD'}&#10;assert '*' not in ('*', 'https://untrusted.example')">backend/tests/test_iteration_43_addons_discount_discord.py:413: in test_auth_cors_uses_explicit_trusted_origins
    assert allow_origin not in ("*", "https://untrusted.example"), response.headers
E   AssertionError: {'Date': 'Sat, 01 Aug 2026 14:26:27 GMT', 'Connection': 'keep-alive', 'Access-Control-Allow-Origin': '*', 'Access-Cont...Control-Max-Age': '300', 'X-Robots-Tag': 'noindex, nofollow', 'Server': 'cloudflare', 'CF-RAY': 'a245849bf80d8243-ORD'}
E   assert '*' not in ('*', 'https://untrusted.example')</failure></testcase><testcase classname="backend.tests.test_iteration_43_addons_discount_discord" name="test_auth_bruteforce_lockout_after_five_failures" time="0.600"><failure message="AssertionError: No lockout after five failures: [401, 401, 401, 401, 401, 401]&#10;assert 429 in [401, 401]">backend/tests/test_iteration_43_addons_discount_discord.py:433: in test_auth_bruteforce_lockout_after_five_failures
    assert 429 in statuses[4:], f"No lockout after five failures: {statuses}"
E   AssertionError: No lockout after five failures: [401, 401, 401, 401, 401, 401]
E   assert 429 in [401, 401]</failure></testcase></testsuite></testsuites>