<?xml version="1.0" encoding="utf-8"?><testsuites name="pytest tests"><testsuite name="pytest" errors="0" failures="1" skipped="0" tests="15" time="2.792" timestamp="2026-07-26T00:09:59.253372+00:00" hostname="agent-env-75149dea-ebcd-41d3-a0bd-c2723504496b"><testcase classname="backend.tests.test_iteration_37_dashboard_features.TestAdminOrderFeatures" name="test_admin_orders_mixed_schema_is_usable" time="0.202" /><testcase classname="backend.tests.test_iteration_37_dashboard_features.TestAdminOrderFeatures" name="test_user_activity_full_dossier" time="0.379" /><testcase classname="backend.tests.test_iteration_37_dashboard_features.TestAdminOrderFeatures" name="test_bulk_manual_gift_and_missing_user_result" time="0.098" /><testcase classname="backend.tests.test_iteration_37_dashboard_features.TestAdminOrderFeatures" name="test_bulk_order_requires_admin_token" time="0.047" /><testcase classname="backend.tests.test_iteration_37_dashboard_features.TestPayPalCheckout" name="test_authenticated_checkout_contract" time="0.053" /><testcase classname="backend.tests.test_iteration_37_dashboard_features.TestSportsFeatures" name="test_public_match_feeds[livescores]" time="0.309" /><testcase classname="backend.tests.test_iteration_37_dashboard_features.TestSportsFeatures" name="test_public_match_feeds[upcoming]" time="0.757" /><testcase classname="backend.tests.test_iteration_37_dashboard_features.TestSportsFeatures" name="test_odds_contract" time="0.048" /><testcase classname="backend.tests.test_iteration_37_dashboard_features.TestSportsFeatures" name="test_place_and_cashout_deducts_then_refunds_85_percent" time="0.254" /><testcase classname="backend.tests.test_iteration_37_dashboard_features.TestFocusedRegressions" name="test_transactions_list" time="0.048" /><testcase classname="backend.tests.test_iteration_37_dashboard_features.TestFocusedRegressions" name="test_coupon_redemption" time="0.112" /><testcase classname="backend.tests.test_iteration_37_dashboard_features.TestFocusedRegressions" name="test_manual_order_placement" time="0.099" /><testcase classname="backend.tests.test_iteration_37_dashboard_features.TestFocusedRegressions" name="test_requested_post_client_orders_route_exists" time="0.046"><failure message="AssertionError: POST /api/client/orders is not registered&#10;assert 405 != 405&#10; +  where 405 = &lt;Response [405]&gt;.status_code">backend/tests/test_iteration_37_dashboard_features.py:354: in test_requested_post_client_orders_route_exists
    assert response.status_code != 405, "POST /api/client/orders is not registered"
E   AssertionError: POST /api/client/orders is not registered
E   assert 405 != 405
E    +  where 405 = &lt;Response [405]&gt;.status_code</failure></testcase><testcase classname="backend.tests.test_iteration_37_dashboard_features.TestFocusedRegressions" name="test_live_chat_send" time="0.051" /><testcase classname="backend.tests.test_iteration_37_dashboard_features.TestFocusedRegressions" name="test_ticket_create_and_list" time="0.096" /></testsuite></testsuites>