<?xml version="1.0" encoding="utf-8"?><testsuites name="pytest tests"><testsuite name="pytest" errors="0" failures="1" skipped="0" tests="12" time="14.369" timestamp="2026-07-21T13:49:02.526583+00:00" hostname="agent-env-75149dea-ebcd-41d3-a0bd-c2723504496b"><testcase classname="backend.tests.test_iter27_live_sub_bugfix.TestDebugTiktokLiveEndpoint" name="test_debug_endpoint_requires_auth" time="1.074" /><testcase classname="backend.tests.test_iter27_live_sub_bugfix.TestDebugTiktokLiveEndpoint" name="test_debug_official_tiktok_handle" time="1.249" /><testcase classname="backend.tests.test_iter27_live_sub_bugfix.TestDebugTiktokLiveEndpoint" name="test_debug_at_prefix_stripped" time="1.207" /><testcase classname="backend.tests.test_iter27_live_sub_bugfix.TestDebugTiktokLiveEndpoint" name="test_debug_nonexistent_handle_no_500" time="0.744"><failure message="AssertionError: assert True is False&#10; +  where True = &lt;built-in method get of dict object at 0xfefca36deb80&gt;('is_live')&#10; +    where &lt;built-in method get of dict object at 0xfefca36deb80&gt; = {'handle': '_this_is_definitely_not_a_real_handle_xyz123_', 'is_live': True}.get">backend/tests/test_iter27_live_sub_bugfix.py:131: in test_debug_nonexistent_handle_no_500
    assert d.get("is_live") is False
E   AssertionError: assert True is False
E    +  where True = &lt;built-in method get of dict object at 0xfefca36deb80&gt;('is_live')
E    +    where &lt;built-in method get of dict object at 0xfefca36deb80&gt; = {'handle': '_this_is_definitely_not_a_real_handle_xyz123_', 'is_live': True}.get</failure></testcase><testcase classname="backend.tests.test_iter27_live_sub_bugfix.TestLiveSubValidationRegression" name="test_repeat_2_accepted_service_id_missing_returns_404" time="0.143" /><testcase classname="backend.tests.test_iter27_live_sub_bugfix.TestLiveSubValidationRegression" name="test_repeat_5_accepted" time="0.136" /><testcase classname="backend.tests.test_iter27_live_sub_bugfix.TestLiveSubValidationRegression" name="test_repeat_invalid_value_400" time="0.130" /><testcase classname="backend.tests.test_iter27_live_sub_bugfix.TestLiveSubValidationRegression" name="test_duration_invalid_400" time="0.108" /><testcase classname="backend.tests.test_iter27_live_sub_bugfix.TestLiveSubMyAndCancel" name="test_my_lists_and_repeat_field_present" time="0.414" /><testcase classname="backend.tests.test_iter27_live_sub_bugfix.TestWorkerLogHealth" name="test_worker_started_line_present" time="0.007" /><testcase classname="backend.tests.test_iter27_live_sub_bugfix.TestWorkerLogHealth" name="test_no_is_tiktok_user_live_crash" time="0.006" /><testcase classname="backend.tests.test_iter27_live_sub_bugfix.TestWorkerLoopPicksUpDueSub" name="test_worker_updates_last_check_at" time="9.004" /></testsuite></testsuites>