<?xml version="1.0" encoding="utf-8"?><testsuites name="pytest tests"><testsuite name="pytest" errors="0" failures="3" skipped="0" tests="4" time="1.298" timestamp="2026-07-25T23:41:47.210113+00:00" hostname="agent-env-75149dea-ebcd-41d3-a0bd-c2723504496b"><testcase classname="backend.tests.test_iteration_34_admin_sports.TestStartupAndAuthSecurity" name="test_notification_service_imports" time="0.013" /><testcase classname="backend.tests.test_iteration_34_admin_sports.TestStartupAndAuthSecurity" name="test_login_sets_httponly_access_cookie" time="0.473"><failure message="AssertionError: &#10;assert None&#10; +  where None = &lt;function search at 0xfb8706fbcc20&gt;('(?i)access_token=[^;]+;[^\\r\\n]*httponly', '')&#10; +    where &lt;function search at 0xfb8706fbcc20&gt; = re.search">backend/tests/test_iteration_34_admin_sports.py:356: in test_login_sets_httponly_access_cookie
    assert re.search(r"(?i)access_token=[^;]+;[^\r\n]*httponly", set_cookie), set_cookie
E   AssertionError: 
E   assert None
E    +  where None = &lt;function search at 0xfb8706fbcc20&gt;('(?i)access_token=[^;]+;[^\\r\\n]*httponly', '')
E    +    where &lt;function search at 0xfb8706fbcc20&gt; = re.search</failure></testcase><testcase classname="backend.tests.test_iteration_34_admin_sports.TestStartupAndAuthSecurity" name="test_cors_uses_explicit_origin_with_credentials" time="0.017"><failure message="AssertionError: {'Date': 'Sat, 25 Jul 2026 23:41:47 GMT', 'Connection': 'keep-alive', 'Access-Control-Allow-Origin': '*', 'Access-Control-Allow-Headers': '*', 'Access-Control-Allow-Methods': 'GET, POST, PUT, DELETE, OPTIONS, HEAD, PATCH', 'Access-Control-Max-Age': '300', 'X-Robots-Tag': 'noindex, nofollow', 'Server': 'cloudflare', 'CF-RAY': 'a20f04760f7cd95e-ORD'}&#10;assert '*' not in ('*', 'https://example-evil.test')">backend/tests/test_iteration_34_admin_sports.py:367: in test_cors_uses_explicit_origin_with_credentials
    assert allow_origin not in ("*", evil_origin), response.headers
E   AssertionError: {'Date': 'Sat, 25 Jul 2026 23:41:47 GMT', 'Connection': 'keep-alive', 'Access-Control-Allow-Origin': '*', 'Access-Control-Allow-Headers': '*', 'Access-Control-Allow-Methods': 'GET, POST, PUT, DELETE, OPTIONS, HEAD, PATCH', 'Access-Control-Max-Age': '300', 'X-Robots-Tag': 'noindex, nofollow', 'Server': 'cloudflare', 'CF-RAY': 'a20f04760f7cd95e-ORD'}
E   assert '*' not in ('*', 'https://example-evil.test')</failure></testcase><testcase classname="backend.tests.test_iteration_34_admin_sports.TestStartupAndAuthSecurity" name="test_brute_force_lockout_after_five_failures" time="0.640"><failure message="AssertionError: Expected lockout on sixth attempt, got [401, 401, 401, 401, 401, 401]&#10;assert 401 == 429">backend/tests/test_iteration_34_admin_sports.py:385: in test_brute_force_lockout_after_five_failures
    assert statuses[-1] == 429, f"Expected lockout on sixth attempt, got {statuses}"
E   AssertionError: Expected lockout on sixth attempt, got [401, 401, 401, 401, 401, 401]
E   assert 401 == 429</failure></testcase></testsuite></testsuites>