<?xml version="1.0" encoding="utf-8"?><testsuites name="pytest tests"><testsuite name="pytest" errors="0" failures="0" skipped="0" tests="13" time="10.330" timestamp="2026-07-02T17:35:33.841177+00:00" hostname="agent-env-75149dea-ebcd-41d3-a0bd-c2723504496b"><testcase classname="backend.tests.test_iteration_9_msg_features.TestTypingIndicator" name="test_typing_post_and_get_roundtrip" time="1.538" /><testcase classname="backend.tests.test_iteration_9_msg_features.TestTypingIndicator" name="test_typing_expires_after_5s" time="6.300" /><testcase classname="backend.tests.test_iteration_9_msg_features.TestTypingIndicator" name="test_typing_requires_auth" time="0.134" /><testcase classname="backend.tests.test_iteration_9_msg_features.TestReportChat" name="test_user_reports_owner" time="0.152" /><testcase classname="backend.tests.test_iteration_9_msg_features.TestReportChat" name="test_cant_report_self" time="0.133" /><testcase classname="backend.tests.test_iteration_9_msg_features.TestAdminReports" name="test_regular_user_cant_list_reports" time="0.156" /><testcase classname="backend.tests.test_iteration_9_msg_features.TestAdminReports" name="test_admin_list_reports_includes_new" time="0.135" /><testcase classname="backend.tests.test_iteration_9_msg_features.TestAdminReports" name="test_admin_view_reported_thread" time="0.141" /><testcase classname="backend.tests.test_iteration_9_msg_features.TestAdminReports" name="test_admin_view_nonexistent_report" time="0.162" /><testcase classname="backend.tests.test_iteration_9_msg_features.TestTurnConfig" name="test_regular_user_cannot_get_turn" time="0.130" /><testcase classname="backend.tests.test_iteration_9_msg_features.TestTurnConfig" name="test_admin_set_and_ice_reflects" time="0.413" /><testcase classname="backend.tests.test_iteration_9_msg_features.TestTurnConfig" name="test_clear_reverts_to_openrelay" time="0.340" /><testcase classname="backend.tests.test_iteration_9_msg_features.TestVoiceTranscode" name="test_webm_opus_transcoded_to_mp3" time="0.515" /></testsuite></testsuites>