<?xml version="1.0" encoding="utf-8"?><testsuites name="pytest tests"><testsuite name="pytest" errors="0" failures="0" skipped="0" tests="10" time="3.886" timestamp="2026-07-06T16:30:36.848858+00:00" hostname="agent-env-75149dea-ebcd-41d3-a0bd-c2723504496b"><testcase classname="backend.tests.test_iter18_rank_tip_spin.TestRank" name="test_me_rank_testbugfix1" time="0.765" /><testcase classname="backend.tests.test_iter18_rank_tip_spin.TestRank" name="test_me_rank_unauth" time="0.126" /><testcase classname="backend.tests.test_iter18_rank_tip_spin.TestSpin" name="test_spin_status_testbugfix1_cooldown" time="0.104" /><testcase classname="backend.tests.test_iter18_rank_tip_spin.TestSpin" name="test_spin_spin_blocked_cooldown" time="0.126" /><testcase classname="backend.tests.test_iter18_rank_tip_spin.TestSpin" name="test_spin_blocked_when_no_deposit" time="0.884" /><testcase classname="backend.tests.test_iter18_rank_tip_spin.TestTips" name="test_tip_self_blocked" time="0.115" /><testcase classname="backend.tests.test_iter18_rank_tip_spin.TestTips" name="test_tip_invalid_recipient" time="0.117" /><testcase classname="backend.tests.test_iter18_rank_tip_spin.TestTips" name="test_tip_below_min_amount" time="0.776" /><testcase classname="backend.tests.test_iter18_rank_tip_spin.TestTips" name="test_tip_insufficient_balance_no_deposit_user" time="0.593" /><testcase classname="backend.tests.test_iter18_rank_tip_spin.TestPublicChatRankEnrichment" name="test_public_messages_have_rank_fields" time="0.114" /></testsuite></testsuites>