<?xml version="1.0" encoding="utf-8"?><testsuites name="pytest tests"><testsuite name="pytest" errors="0" failures="0" skipped="0" tests="16" time="26.843" timestamp="2026-07-21T13:54:35.888174+00:00" hostname="agent-env-75149dea-ebcd-41d3-a0bd-c2723504496b"><testcase classname="backend.tests.test_iter27_live_sub_bugfix.TestDebugTiktokLiveEndpoint" name="test_debug_endpoint_requires_auth" time="0.959" /><testcase classname="backend.tests.test_iter27_live_sub_bugfix.TestDebugTiktokLiveEndpoint" name="test_debug_official_tiktok_handle" time="1.084" /><testcase classname="backend.tests.test_iter27_live_sub_bugfix.TestDebugTiktokLiveEndpoint" name="test_debug_at_prefix_stripped" time="0.412" /><testcase classname="backend.tests.test_iter27_live_sub_bugfix.TestDebugTiktokLiveEndpoint" name="test_debug_nonexistent_handle_no_500" time="0.402" /><testcase classname="backend.tests.test_iter27_live_sub_bugfix.TestDebugTiktokLiveEndpoint" name="test_debug_rarely_live_handles_return_false[tiktok]" time="0.511" /><testcase classname="backend.tests.test_iter27_live_sub_bugfix.TestDebugTiktokLiveEndpoint" name="test_debug_rarely_live_handles_return_false[nba]" time="0.473" /><testcase classname="backend.tests.test_iter27_live_sub_bugfix.TestDebugTiktokLiveEndpoint" name="test_debug_rarely_live_handles_return_false[zachking]" time="0.497" /><testcase classname="backend.tests.test_iter27_live_sub_bugfix.TestDebugTiktokLiveEndpoint" name="test_debug_rarely_live_handles_return_false[charlidamelio]" time="0.447" /><testcase classname="backend.tests.test_iter27_live_sub_bugfix.TestLiveSubValidationRegression" name="test_repeat_2_accepted_service_id_missing_returns_404" time="0.117" /><testcase classname="backend.tests.test_iter27_live_sub_bugfix.TestLiveSubValidationRegression" name="test_repeat_5_accepted" time="0.128" /><testcase classname="backend.tests.test_iter27_live_sub_bugfix.TestLiveSubValidationRegression" name="test_repeat_invalid_value_400" time="0.152" /><testcase classname="backend.tests.test_iter27_live_sub_bugfix.TestLiveSubValidationRegression" name="test_duration_invalid_400" time="0.107" /><testcase classname="backend.tests.test_iter27_live_sub_bugfix.TestLiveSubMyAndCancel" name="test_my_lists_and_repeat_field_present" time="0.391" /><testcase classname="backend.tests.test_iter27_live_sub_bugfix.TestWorkerLogHealth" name="test_worker_started_line_present" time="0.006" /><testcase classname="backend.tests.test_iter27_live_sub_bugfix.TestWorkerLogHealth" name="test_no_is_tiktok_user_live_crash" time="0.005" /><testcase classname="backend.tests.test_iter27_live_sub_bugfix.TestWorkerLoopPicksUpDueSub" name="test_worker_updates_last_check_at" time="21.007" /></testsuite></testsuites>