<?xml version="1.0" encoding="utf-8"?><testsuites name="pytest tests"><testsuite name="pytest" errors="0" failures="0" skipped="0" tests="11" time="4.625" timestamp="2026-07-17T16:05:39.776746+00:00" hostname="agent-env-75149dea-ebcd-41d3-a0bd-c2723504496b"><testcase classname="backend.tests.test_iter25_live_sub.TestLiveSubValidation" name="test_invalid_repeat_interval_400" time="1.044" /><testcase classname="backend.tests.test_iter25_live_sub.TestLiveSubValidation" name="test_invalid_duration_400" time="0.138" /><testcase classname="backend.tests.test_iter25_live_sub.TestLiveSubValidation" name="test_no_auto_live_flag_403" time="0.758" /><testcase classname="backend.tests.test_iter25_live_sub.TestLiveSubFullFlow" name="test_enable_auto_live_and_create" time="1.379" /><testcase classname="backend.tests.test_iter25_live_sub.TestLiveSubFullFlow" name="test_list_my_subs_has_new_one" time="0.169" /><testcase classname="backend.tests.test_iter25_live_sub.TestLiveSubFullFlow" name="test_cancel_sub" time="0.328" /><testcase classname="backend.tests.test_iter25_live_sub.TestLiveSubFullFlow" name="test_second_cancel_404" time="0.131" /><testcase classname="backend.tests.test_iter25_live_sub.TestAddonsUnchanged" name="test_auto_live_price" time="0.128" /><testcase classname="backend.tests.test_iter25_live_sub.TestAiSessions" name="test_my_sessions_200" time="0.116" /><testcase classname="backend.tests.test_iter25_live_sub.TestAiSessions" name="test_nonexistent_session_messages_404" time="0.136" /><testcase classname="backend.tests.test_iter25_live_sub.TestAiSessions" name="test_request_handover_with_session_id" time="0.225" /></testsuite></testsuites>