<?xml version="1.0" encoding="utf-8"?><testsuites name="pytest tests"><testsuite name="pytest" errors="0" failures="1" skipped="0" tests="14" time="4.514" timestamp="2026-07-16T22:38:22.616236+00:00" hostname="agent-env-75149dea-ebcd-41d3-a0bd-c2723504496b"><testcase classname="backend.tests.test_iter24_batch_features.TestAdminAddons" name="test_get_addons_contains_auto_live_default_250" time="0.673" /><testcase classname="backend.tests.test_iter24_batch_features.TestAdminAddons" name="test_patch_addon_price_and_client_sees_new" time="0.987" /><testcase classname="backend.tests.test_iter24_batch_features.TestAdminAddons" name="test_patch_nonexistent_addon_404" time="0.137" /><testcase classname="backend.tests.test_iter24_batch_features.TestAdminAddons" name="test_patch_negative_price_rejected" time="0.103" /><testcase classname="backend.tests.test_iter24_batch_features.TestAdminLoginWithAccount" name="test_owner_login" time="0.480" /><testcase classname="backend.tests.test_iter24_batch_features.TestAdminLoginWithAccount" name="test_regular_user_403" time="0.420" /><testcase classname="backend.tests.test_iter24_batch_features.TestSessionFromUser" name="test_owner_jwt_elevates" time="0.555" /><testcase classname="backend.tests.test_iter24_batch_features.TestSessionFromUser" name="test_regular_user_403" time="0.093" /><testcase classname="backend.tests.test_iter24_batch_features.TestTeamPerms" name="test_list_team" time="0.104" /><testcase classname="backend.tests.test_iter24_batch_features.TestTeamPerms" name="test_patch_admin_perms_non_team_user_404" time="0.275" /><testcase classname="backend.tests.test_iter24_batch_features.TestBulkBroadcast" name="test_send_bulk_all" time="0.245"><failure message="AssertionError: {&quot;detail&quot;:&quot;Not Found&quot;}&#10;assert 404 == 200&#10; +  where 404 = &lt;Response [404]&gt;.status_code">backend/tests/test_iter24_batch_features.py:192: in test_send_bulk_all
    assert r2.status_code == 200, r2.text
E   AssertionError: {"detail":"Not Found"}
E   assert 404 == 200
E    +  where 404 = &lt;Response [404]&gt;.status_code</failure></testcase><testcase classname="backend.tests.test_iter24_batch_features.TestAiHandover" name="test_handover_with_session_id" time="0.115" /><testcase classname="backend.tests.test_iter24_batch_features.TestAiHandover" name="test_handover_empty_body_generates_sid" time="0.115" /><testcase classname="backend.tests.test_iter24_batch_features" name="test_favicon_served" time="0.128" /></testsuite></testsuites>