<?xml version="1.0" encoding="utf-8"?><testsuites name="pytest tests"><testsuite name="pytest" errors="0" failures="0" skipped="0" tests="24" time="6.446" timestamp="2026-05-02T23:45:25.636174+00:00" hostname="agent-env-75149dea-ebcd-41d3-a0bd-c2723504496b"><testcase classname="backend.tests.test_iteration_2_features.TestRecentFeed" name="test_recent_feed_public" time="0.251" /><testcase classname="backend.tests.test_iteration_2_features.TestRecentFeed" name="test_recent_feed_masking" time="0.045" /><testcase classname="backend.tests.test_iteration_2_features.TestCouponBalanceEdit" name="test_update_balance_success" time="0.183" /><testcase classname="backend.tests.test_iteration_2_features.TestCouponBalanceEdit" name="test_update_balance_zero_allowed" time="0.044" /><testcase classname="backend.tests.test_iteration_2_features.TestCouponBalanceEdit" name="test_update_balance_negative_rejected" time="0.043" /><testcase classname="backend.tests.test_iteration_2_features.TestCouponBalanceEdit" name="test_update_balance_not_found" time="0.045" /><testcase classname="backend.tests.test_iteration_2_features.TestCouponBalanceEdit" name="test_update_balance_requires_admin" time="0.046" /><testcase classname="backend.tests.test_iteration_2_features.TestAIChat" name="test_ai_chat_requires_user_message" time="0.044" /><testcase classname="backend.tests.test_iteration_2_features.TestAIChat" name="test_ai_chat_creates_session_and_replies" time="4.712" /><testcase classname="backend.tests.test_iteration_2_features.TestAIChat" name="test_ai_poll_returns_messages" time="0.046" /><testcase classname="backend.tests.test_iteration_2_features.TestAIChat" name="test_ai_poll_requires_session_id" time="0.043" /><testcase classname="backend.tests.test_iteration_2_features.TestAIChat" name="test_admin_sessions_requires_auth" time="0.051" /><testcase classname="backend.tests.test_iteration_2_features.TestAIChat" name="test_admin_sessions_lists" time="0.056" /><testcase classname="backend.tests.test_iteration_2_features.TestAIChat" name="test_admin_messages_history" time="0.048" /><testcase classname="backend.tests.test_iteration_2_features.TestAIChat" name="test_admin_takeover" time="0.043" /><testcase classname="backend.tests.test_iteration_2_features.TestAIChat" name="test_ai_chat_during_takeover_returns_empty" time="0.045" /><testcase classname="backend.tests.test_iteration_2_features.TestAIChat" name="test_admin_send_message" time="0.090" /><testcase classname="backend.tests.test_iteration_2_features.TestAIChat" name="test_admin_release" time="0.092" /><testcase classname="backend.tests.test_iteration_2_features.TestAIChat" name="test_admin_send_requires_auth" time="0.044" /><testcase classname="backend.tests.test_iteration_2_features.TestAIChat" name="test_admin_takeover_requires_auth" time="0.048" /><testcase classname="backend.tests.test_iteration_2_features.TestAIChat" name="test_admin_release_requires_auth" time="0.041" /><testcase classname="backend.tests.test_iteration_2_features.TestAIChat" name="test_admin_messages_requires_auth" time="0.045" /><testcase classname="backend.tests.test_iteration_2_features.TestAIServiceMapAuth" name="test_service_map_get_auth_required" time="0.047" /><testcase classname="backend.tests.test_iteration_2_features.TestAIServiceMapAuth" name="test_service_map_post_auth_required" time="0.050" /></testsuite></testsuites>