<?xml version="1.0" encoding="utf-8"?><testsuites name="pytest tests"><testsuite name="pytest" errors="0" failures="3" skipped="0" tests="11" time="2.869" timestamp="2026-07-25T23:41:26.110651+00:00" hostname="agent-env-75149dea-ebcd-41d3-a0bd-c2723504496b"><testcase classname="backend.tests.test_iteration_35_paypal_retention.TestPayPalConfig" name="test_get_and_post_config_persist" time="0.784" /><testcase classname="backend.tests.test_iteration_35_paypal_retention.TestPayPalConfig" name="test_new_admin_config_route_registered_once_per_method" time="0.392" /><testcase classname="backend.tests.test_iteration_35_paypal_retention.TestPayPalCheckout" name="test_checkout_url_and_pending_transaction" time="0.372"><failure message="AssertionError: assert ['/api/paypal/ipn'] == ['https://smm...i/paypal/ipn']&#10;  &#10;  At index 0 diff: '/api/paypal/ipn' != 'https://smm-direct-order.preview.emergentagent.com/api/paypal/ipn'&#10;  &#10;  Full diff:&#10;    [&#10;  -     'https://smm-direct-order.preview.emergentagent.com/api/paypal/ipn',&#10;  +     '/api/paypal/ipn',&#10;    ]">backend/tests/test_iteration_35_paypal_retention.py:199: in test_checkout_url_and_pending_transaction
    assert query["notify_url"] == [f"{BASE_URL}/api/paypal/ipn"]
E   AssertionError: assert ['/api/paypal/ipn'] == ['https://smm...i/paypal/ipn']
E     
E     At index 0 diff: '/api/paypal/ipn' != 'https://smm-direct-order.preview.emergentagent.com/api/paypal/ipn'
E     
E     Full diff:
E       [
E     -     'https://smm-direct-order.preview.emergentagent.com/api/paypal/ipn',
E     +     '/api/paypal/ipn',
E       ]</failure></testcase><testcase classname="backend.tests.test_iteration_35_paypal_retention.TestPayPalCheckout" name="test_checkout_returns_503_when_not_configured" time="0.049" /><testcase classname="backend.tests.test_iteration_35_paypal_retention.TestPayPalIPN" name="test_unverified_ipn_returns_200_and_writes_event" time="0.355" /><testcase classname="backend.tests.test_iteration_35_paypal_retention.TestPayPalIPN" name="test_malformed_unverified_gross_still_returns_200" time="0.454"><failure message="AssertionError: Internal Server Error&#10;assert 500 == 200&#10; +  where 500 = &lt;Response [500]&gt;.status_code">backend/tests/test_iteration_35_paypal_retention.py:255: in test_malformed_unverified_gross_still_returns_200
    assert response.status_code == 200, response.text
E   AssertionError: Internal Server Error
E   assert 500 == 200
E    +  where 500 = &lt;Response [500]&gt;.status_code</failure></testcase><testcase classname="backend.tests.test_iteration_35_paypal_retention.TestPayPalIPN" name="test_verified_wrong_receiver_does_not_credit" time="0.007" /><testcase classname="backend.tests.test_iteration_35_paypal_retention.TestPayPalIPN" name="test_verified_unknown_pending_transaction_must_not_create_bonus" time="0.013"><failure message="AssertionError: Orphan bonus was credited without a matching pending deposit: {'id': 'd40ef1ff-848a-4b41-a14b-c801cc653656', 'user_id': '37a72bb9-3687-4fa6-848e-3e4265237636', 'amount': 1.0, 'method': 'paypal_bonus', 'status': 'approved', 'type': 'bonus', 'note': '+10% PayPal deposit bonus', 'linked_tx_id': 'TEST_MISSING_7a500567-c9ec-473b-9376-63b817604800', 'created_at': '2026-07-25T23:41:28.724093+00:00', 'approved_at': '2026-07-25T23:41:28.724093+00:00'}&#10;assert {'amount': 1.0, 'approved_at': '2026-07-25T23:41:28.724093+00:00', 'created_at': '2026-07-25T23:41:28.724093+00:00', 'id': 'd40ef1ff-848a-4b41-a14b-c801cc653656', ...} is None">backend/tests/test_iteration_35_paypal_retention.py:371: in test_verified_unknown_pending_transaction_must_not_create_bonus
    assert bonus is None, f"Orphan bonus was credited without a matching pending deposit: {bonus}"
E   AssertionError: Orphan bonus was credited without a matching pending deposit: {'id': 'd40ef1ff-848a-4b41-a14b-c801cc653656', 'user_id': '37a72bb9-3687-4fa6-848e-3e4265237636', 'amount': 1.0, 'method': 'paypal_bonus', 'status': 'approved', 'type': 'bonus', 'note': '+10% PayPal deposit bonus', 'linked_tx_id': 'TEST_MISSING_7a500567-c9ec-473b-9376-63b817604800', 'created_at': '2026-07-25T23:41:28.724093+00:00', 'approved_at': '2026-07-25T23:41:28.724093+00:00'}
E   assert {'amount': 1.0, 'approved_at': '2026-07-25T23:41:28.724093+00:00', 'created_at': '2026-07-25T23:41:28.724093+00:00', 'id': 'd40ef1ff-848a-4b41-a14b-c801cc653656', ...} is None</failure></testcase><testcase classname="backend.tests.test_iteration_35_paypal_retention.TestRetentionAndStartup" name="test_retention_loop_deletes_only_messages_older_than_30_days" time="0.009" /><testcase classname="backend.tests.test_iteration_35_paypal_retention.TestRetentionAndStartup" name="test_startup_workers_registered_and_notification_imports" time="0.001" /><testcase classname="backend.tests.test_iteration_35_paypal_retention.TestRetentionAndStartup" name="test_owner_hash_and_seed_sync_requirement" time="0.230" /></testsuite></testsuites>