<?xml version="1.0" encoding="utf-8"?><testsuites name="pytest tests"><testsuite name="pytest" errors="0" failures="0" skipped="0" tests="9" time="0.445" timestamp="2026-05-22T08:36:23.467353+00:00" hostname="agent-env-75149dea-ebcd-41d3-a0bd-c2723504496b"><testcase classname="backend.tests.test_iteration_6_redeem_buy_mute_ban" name="test_redeem_coupon_credits_balance" time="0.249" /><testcase classname="backend.tests.test_iteration_6_redeem_buy_mute_ban" name="test_redeem_invalid_coupon" time="0.003" /><testcase classname="backend.tests.test_iteration_6_redeem_buy_mute_ban" name="test_order_with_balance_unknown_service" time="0.003" /><testcase classname="backend.tests.test_iteration_6_redeem_buy_mute_ban" name="test_order_with_balance_requires_auth" time="0.001" /><testcase classname="backend.tests.test_iteration_6_redeem_buy_mute_ban" name="test_mute_session" time="0.004" /><testcase classname="backend.tests.test_iteration_6_redeem_buy_mute_ban" name="test_mute_blocks_chat" time="0.002" /><testcase classname="backend.tests.test_iteration_6_redeem_buy_mute_ban" name="test_unmute_session" time="0.002" /><testcase classname="backend.tests.test_iteration_6_redeem_buy_mute_ban" name="test_ban_session" time="0.006" /><testcase classname="backend.tests.test_iteration_6_redeem_buy_mute_ban" name="test_admin_endpoints_require_token" time="0.004" /></testsuite></testsuites>