<?xml version="1.0" encoding="utf-8"?><testsuites name="pytest tests"><testsuite name="pytest" errors="0" failures="0" skipped="0" tests="6" time="3.536" timestamp="2026-07-26T20:16:35.671566+00:00" hostname="agent-env-75149dea-ebcd-41d3-a0bd-c2723504496b"><testcase classname="backend.tests.test_iteration_40_admin_db_discord" name="test_admin_alert_partial_credit_full_workflow" time="1.225" /><testcase classname="backend.tests.test_iteration_40_admin_db_discord" name="test_admin_alert_dismiss_is_idempotency_guarded" time="0.244" /><testcase classname="backend.tests.test_iteration_40_admin_db_discord" name="test_dbmanager_owner_crud_and_authorization" time="0.809" /><testcase classname="backend.tests.test_iteration_40_admin_db_discord" name="test_discord_stopped_manager_contract" time="0.384" /><testcase classname="backend.tests.test_iteration_40_admin_db_discord" name="test_nowpayments_webhook_rejects_missing_signature" time="0.147" /><testcase classname="backend.tests.test_iteration_40_admin_db_discord" name="test_tiktok_debug_offline_account" time="0.655" /></testsuite></testsuites>