<?xml version="1.0" encoding="utf-8"?><testsuites name="pytest tests"><testsuite name="pytest" errors="0" failures="0" skipped="0" tests="25" time="7.154" timestamp="2026-05-15T19:54:39.744170+00:00" hostname="agent-env-75149dea-ebcd-41d3-a0bd-c2723504496b"><testcase classname="backend.tests.test_iteration_5_funds_tickets.TestCaptcha" name="test_captcha_endpoint" time="0.322" /><testcase classname="backend.tests.test_iteration_5_funds_tickets.TestCaptcha" name="test_register_wrong_captcha" time="0.289" /><testcase classname="backend.tests.test_iteration_5_funds_tickets.TestPaypalConfig" name="test_public_get" time="0.179" /><testcase classname="backend.tests.test_iteration_5_funds_tickets.TestPaypalConfig" name="test_admin_set_requires_token" time="0.110" /><testcase classname="backend.tests.test_iteration_5_funds_tickets.TestPaypalConfig" name="test_admin_set_and_reflect" time="0.361" /><testcase classname="backend.tests.test_iteration_5_funds_tickets.TestBalanceAndTransactions" name="test_initial_balance_zero" time="0.574" /><testcase classname="backend.tests.test_iteration_5_funds_tickets.TestBalanceAndTransactions" name="test_balance_requires_auth" time="0.104" /><testcase classname="backend.tests.test_iteration_5_funds_tickets.TestBalanceAndTransactions" name="test_transactions_initially_empty" time="0.137" /><testcase classname="backend.tests.test_iteration_5_funds_tickets.TestBalanceAndTransactions" name="test_funds_request_validation" time="0.373" /><testcase classname="backend.tests.test_iteration_5_funds_tickets.TestBalanceAndTransactions" name="test_funds_request_creates_pending" time="0.253" /><testcase classname="backend.tests.test_iteration_5_funds_tickets.TestBalanceAndTransactions" name="test_approve_credits_balance" time="0.542" /><testcase classname="backend.tests.test_iteration_5_funds_tickets.TestBalanceAndTransactions" name="test_reject_no_credit" time="0.608" /><testcase classname="backend.tests.test_iteration_5_funds_tickets.TestBalanceAndTransactions" name="test_double_approve_fails" time="0.350" /><testcase classname="backend.tests.test_iteration_5_funds_tickets.TestBalanceAndTransactions" name="test_admin_list_filter" time="0.151" /><testcase classname="backend.tests.test_iteration_5_funds_tickets.TestBalanceAndTransactions" name="test_admin_transactions_requires_token" time="0.111" /><testcase classname="backend.tests.test_iteration_5_funds_tickets.TestTickets" name="test_create_ticket" time="0.131" /><testcase classname="backend.tests.test_iteration_5_funds_tickets.TestTickets" name="test_list_user_tickets" time="0.124" /><testcase classname="backend.tests.test_iteration_5_funds_tickets.TestTickets" name="test_get_ticket_thread_has_first_msg" time="0.119" /><testcase classname="backend.tests.test_iteration_5_funds_tickets.TestTickets" name="test_other_user_cannot_see_ticket" time="0.609" /><testcase classname="backend.tests.test_iteration_5_funds_tickets.TestTickets" name="test_user_reply_appends" time="0.283" /><testcase classname="backend.tests.test_iteration_5_funds_tickets.TestTickets" name="test_admin_can_see_any_ticket" time="0.123" /><testcase classname="backend.tests.test_iteration_5_funds_tickets.TestTickets" name="test_admin_list_has_waiting" time="0.100" /><testcase classname="backend.tests.test_iteration_5_funds_tickets.TestTickets" name="test_admin_reply_sets_answered" time="0.257" /><testcase classname="backend.tests.test_iteration_5_funds_tickets.TestTickets" name="test_admin_close_blocks_user_reply" time="0.301" /><testcase classname="backend.tests.test_iteration_5_funds_tickets.TestTickets" name="test_admin_endpoints_require_token" time="0.532" /></testsuite></testsuites>