<?xml version="1.0" encoding="utf-8"?><testsuites name="pytest tests"><testsuite name="pytest" errors="0" failures="0" skipped="0" tests="7" time="3.634" timestamp="2026-07-17T16:24:37.522997+00:00" hostname="agent-env-75149dea-ebcd-41d3-a0bd-c2723504496b"><testcase classname="backend.tests.test_iter26_sports_freebet_spin.TestSports" name="test_livescores" time="0.750" /><testcase classname="backend.tests.test_iter26_sports_freebet_spin.TestSports" name="test_upcoming" time="0.668" /><testcase classname="backend.tests.test_iter26_sports_freebet_spin.TestSports" name="test_leagues" time="0.520" /><testcase classname="backend.tests.test_iter26_sports_freebet_spin.TestFreeBet" name="test_status_shape" time="0.618" /><testcase classname="backend.tests.test_iter26_sports_freebet_spin.TestFreeBet" name="test_claim_flow" time="0.611" /><testcase classname="backend.tests.test_iter26_sports_freebet_spin.TestSpin" name="test_spin_status_shape" time="0.137" /><testcase classname="backend.tests.test_iter26_sports_freebet_spin.TestSpin" name="test_spin_spin_eligibility" time="0.255" /></testsuite></testsuites>