<?xml version="1.0" encoding="utf-8"?><testsuites name="pytest tests"><testsuite name="pytest" errors="0" failures="2" skipped="0" tests="11" time="14.466" timestamp="2026-07-30T18:07:11.190213+00:00" hostname="agent-env-75149dea-ebcd-41d3-a0bd-c2723504496b"><testcase classname="backend.tests.test_iteration_42_admin_ai_db" name="test_sports_feature_disabled" time="0.160" /><testcase classname="backend.tests.test_iteration_42_admin_ai_db" name="test_sports_api_routes_removed" time="0.465"><failure message="AssertionError: /sports/livescores remains active: 200 {&quot;matches&quot;:[],&quot;source&quot;:&quot;sofascore&quot;}&#10;assert 200 == 404&#10; +  where 200 = &lt;Response [200]&gt;.status_code">backend/tests/test_iteration_42_admin_ai_db.py:151: in test_sports_api_routes_removed
    assert response.status_code == 404, f"{path} remains active: {response.status_code} {response.text[:300]}"
E   AssertionError: /sports/livescores remains active: 200 {"matches":[],"source":"sofascore"}
E   assert 200 == 404
E    +  where 200 = &lt;Response [200]&gt;.status_code</failure></testcase><testcase classname="backend.tests.test_iteration_42_admin_ai_db" name="test_dbmanager_dedicated_login_and_collections" time="1.052" /><testcase classname="backend.tests.test_iteration_42_admin_ai_db" name="test_dbmanager_users_delete_guards" time="0.097" /><testcase classname="backend.tests.test_iteration_42_admin_ai_db" name="test_dbmanager_user_balance_field_guard" time="0.047" /><testcase classname="backend.tests.test_iteration_42_admin_ai_db" name="test_db_backup_full_lifecycle" time="0.285" /><testcase classname="backend.tests.test_iteration_42_admin_ai_db" name="test_admin_live_subscription_cancel_workflow" time="0.455" /><testcase classname="backend.tests.test_iteration_42_admin_ai_db" name="test_ai_ticket_auto_reply_and_action_history" time="5.460" /><testcase classname="backend.tests.test_iteration_42_admin_ai_db" name="test_signed_in_ai_chat_nonempty_reply" time="2.613" /><testcase classname="backend.tests.test_iteration_42_admin_ai_db" name="test_public_chat_send_and_read" time="3.435" /><testcase classname="backend.tests.test_iteration_42_admin_ai_db" name="test_dbmanager_transaction_delete_many_preserves_wallet_balance" time="0.229"><failure message="AssertionError: Deleting transaction history changed wallet balance from 231.89 to 231.52&#10;assert 231.52 == 231.89 ± 2.3e-04&#10;  &#10;  comparison failed&#10;  Obtained: 231.52&#10;  Expected: 231.89 ± 2.3e-04">backend/tests/test_iteration_42_admin_ai_db.py:420: in test_dbmanager_transaction_delete_many_preserves_wallet_balance
    assert balance_after_delete == pytest.approx(balance_before_delete), (
E   AssertionError: Deleting transaction history changed wallet balance from 231.89 to 231.52
E   assert 231.52 == 231.89 ± 2.3e-04
E     
E     comparison failed
E     Obtained: 231.52
E     Expected: 231.89 ± 2.3e-04</failure></testcase></testsuite></testsuites>