<?xml version="1.0" encoding="utf-8"?><testsuites name="pytest tests"><testsuite name="pytest" errors="0" failures="0" skipped="0" tests="3" time="1.298" timestamp="2026-07-25T23:45:35.070040+00:00" hostname="agent-env-75149dea-ebcd-41d3-a0bd-c2723504496b"><testcase classname="backend.tests.test_iteration_35_paypal_retention.TestPayPalCheckout" name="test_checkout_url_and_pending_transaction" time="0.454" /><testcase classname="backend.tests.test_iteration_35_paypal_retention.TestPayPalIPN" name="test_malformed_unverified_gross_still_returns_200" time="0.330" /><testcase classname="backend.tests.test_iteration_35_paypal_retention.TestPayPalIPN" name="test_verified_unknown_pending_transaction_must_not_create_bonus" time="0.388" /></testsuite></testsuites>