<?xml version="1.0" encoding="utf-8"?><testsuites name="pytest tests"><testsuite name="pytest" errors="0" failures="3" skipped="0" tests="12" time="3.314" timestamp="2026-07-26T00:08:13.380179+00:00" hostname="agent-env-75149dea-ebcd-41d3-a0bd-c2723504496b"><testcase classname="backend.tests.test_iteration_34_admin_sports.TestAdminAuthFlow" name="test_owner_session_exchange" time="0.431" /><testcase classname="backend.tests.test_iteration_34_admin_sports.TestAdminAuthFlow" name="test_owner_password_hash_is_bcrypt_2b" time="0.226" /><testcase classname="backend.tests.test_iteration_34_admin_sports.TestAdminHistory" name="test_admin_orders_record_structure" time="0.042" /><testcase classname="backend.tests.test_iteration_34_admin_sports.TestAdminHistory" name="test_user_activity_complete_shape" time="0.139" /><testcase classname="backend.tests.test_iteration_34_admin_sports.TestSportsPublic" name="test_livescores_shape_and_source" time="0.488" /><testcase classname="backend.tests.test_iteration_34_admin_sports.TestSportsPublic" name="test_odds_full_market_board" time="0.042" /><testcase classname="backend.tests.test_iteration_34_admin_sports.TestSportsBetting" name="test_single_and_combo_bet_end_to_end" time="0.709" /><testcase classname="backend.tests.test_iteration_34_admin_sports.TestSportsBetting" name="test_concurrent_cashout_only_refunds_once" time="0.392" /><testcase classname="backend.tests.test_iteration_34_admin_sports.TestStartupAndAuthSecurity" name="test_notification_service_imports" time="0.015" /><testcase classname="backend.tests.test_iteration_34_admin_sports.TestStartupAndAuthSecurity" name="test_login_sets_httponly_access_cookie" time="0.000"><failure message="AssertionError: &#10;assert None&#10; +  where None = &lt;function search at 0xf81ef9dfcc20&gt;('(?i)access_token=[^;]+;[^\\r\\n]*httponly', '')&#10; +    where &lt;function search at 0xf81ef9dfcc20&gt; = re.search">backend/tests/test_iteration_34_admin_sports.py:356: in test_login_sets_httponly_access_cookie
    assert re.search(r"(?i)access_token=[^;]+;[^\r\n]*httponly", set_cookie), set_cookie
E   AssertionError: 
E   assert None
E    +  where None = &lt;function search at 0xf81ef9dfcc20&gt;('(?i)access_token=[^;]+;[^\\r\\n]*httponly', '')
E    +    where &lt;function search at 0xf81ef9dfcc20&gt; = re.search</failure></testcase><testcase classname="backend.tests.test_iteration_34_admin_sports.TestStartupAndAuthSecurity" name="test_cors_uses_explicit_origin_with_credentials" time="0.016"><failure message="AssertionError: {'Date': 'Sun, 26 Jul 2026 00:08:16 GMT', 'Connection': 'keep-alive', 'Access-Control-Allow-Origin': '*', 'Access-Control-Allow-Headers': '*', 'Access-Control-Allow-Methods': 'GET, POST, PUT, DELETE, OPTIONS, HEAD, PATCH', 'Access-Control-Max-Age': '300', 'X-Robots-Tag': 'noindex, nofollow', 'Server': 'cloudflare', 'CF-RAY': 'a20f2b3c3f68a434-ORD'}&#10;assert '*' not in ('*', 'https://example-evil.test')">backend/tests/test_iteration_34_admin_sports.py:367: in test_cors_uses_explicit_origin_with_credentials
    assert allow_origin not in ("*", evil_origin), response.headers
E   AssertionError: {'Date': 'Sun, 26 Jul 2026 00:08:16 GMT', 'Connection': 'keep-alive', 'Access-Control-Allow-Origin': '*', 'Access-Control-Allow-Headers': '*', 'Access-Control-Allow-Methods': 'GET, POST, PUT, DELETE, OPTIONS, HEAD, PATCH', 'Access-Control-Max-Age': '300', 'X-Robots-Tag': 'noindex, nofollow', 'Server': 'cloudflare', 'CF-RAY': 'a20f2b3c3f68a434-ORD'}
E   assert '*' not in ('*', 'https://example-evil.test')</failure></testcase><testcase classname="backend.tests.test_iteration_34_admin_sports.TestStartupAndAuthSecurity" name="test_brute_force_lockout_after_five_failures" time="0.640"><failure message="AssertionError: Expected lockout on sixth attempt, got [401, 401, 401, 401, 401, 401]&#10;assert 401 == 429">backend/tests/test_iteration_34_admin_sports.py:385: in test_brute_force_lockout_after_five_failures
    assert statuses[-1] == 429, f"Expected lockout on sixth attempt, got {statuses}"
E   AssertionError: Expected lockout on sixth attempt, got [401, 401, 401, 401, 401, 401]
E   assert 401 == 429</failure></testcase></testsuite></testsuites>