<?xml version="1.0" encoding="utf-8"?><testsuites name="pytest tests"><testsuite name="pytest" errors="0" failures="0" skipped="0" tests="13" time="1.660" timestamp="2026-05-04T09:26:00.066025+00:00" hostname="agent-env-75149dea-ebcd-41d3-a0bd-c2723504496b"><testcase classname="backend.tests.test_iteration_4_attachments.TestUpload" name="test_upload_png_success" time="0.247" /><testcase classname="backend.tests.test_iteration_4_attachments.TestUpload" name="test_upload_pdf_success" time="0.060" /><testcase classname="backend.tests.test_iteration_4_attachments.TestUpload" name="test_upload_reject_unsupported_mime" time="0.059" /><testcase classname="backend.tests.test_iteration_4_attachments.TestUpload" name="test_upload_reject_empty_file" time="0.101" /><testcase classname="backend.tests.test_iteration_4_attachments.TestUpload" name="test_upload_reject_oversize" time="0.448" /><testcase classname="backend.tests.test_iteration_4_attachments.TestUpload" name="test_upload_missing_session_id" time="0.058" /><testcase classname="backend.tests.test_iteration_4_attachments.TestFetchUpload" name="test_fetch_png_returns_bytes" time="0.058" /><testcase classname="backend.tests.test_iteration_4_attachments.TestFetchUpload" name="test_fetch_unknown_id_returns_404" time="0.059" /><testcase classname="backend.tests.test_iteration_4_attachments.TestFetchUpload" name="test_fetch_malformed_id_returns_400" time="0.057" /><testcase classname="backend.tests.test_iteration_4_attachments.TestAttachMessage" name="test_attach_message_persists_and_acks" time="0.186" /><testcase classname="backend.tests.test_iteration_4_attachments.TestAttachMessage" name="test_attach_message_rejects_empty" time="0.058" /><testcase classname="backend.tests.test_iteration_4_attachments.TestAttachMessage" name="test_attach_message_rejects_missing_session" time="0.057" /><testcase classname="backend.tests.test_iteration_4_attachments.TestAttachMessage" name="test_attach_message_rejects_mismatched_session" time="0.115" /></testsuite></testsuites>