<?xml version="1.0" encoding="utf-8"?><testsuites name="pytest tests"><testsuite name="pytest" errors="0" failures="0" skipped="0" tests="11" time="2.762" timestamp="2026-07-04T20:08:02.558964+00:00" hostname="agent-env-75149dea-ebcd-41d3-a0bd-c2723504496b"><testcase classname="backend.tests.test_iteration_11_nowpayments.TestWebhookCredit" name="test_webhook_credits_on_finished" time="0.165" /><testcase classname="backend.tests.test_iteration_11_nowpayments.TestWebhookCredit" name="test_webhook_credits_on_confirmed" time="0.112" /><testcase classname="backend.tests.test_iteration_11_nowpayments.TestWebhookCredit" name="test_webhook_idempotent_replay" time="0.234" /><testcase classname="backend.tests.test_iteration_11_nowpayments.TestWebhookCredit" name="test_webhook_bad_signature_rejected" time="0.107" /><testcase classname="backend.tests.test_iteration_11_nowpayments.TestVerifyEndpoint" name="test_verify_requires_auth" time="0.108" /><testcase classname="backend.tests.test_iteration_11_nowpayments.TestVerifyEndpoint" name="test_verify_returns_404_for_unknown_tx" time="0.543" /><testcase classname="backend.tests.test_iteration_11_nowpayments.TestVerifyEndpoint" name="test_verify_unpaid_invoice_graceful" time="0.455" /><testcase classname="backend.tests.test_iteration_11_nowpayments.TestPendingDeposits" name="test_pending_list_shape" time="0.105" /><testcase classname="backend.tests.test_iteration_11_nowpayments.TestPendingDeposits" name="test_pending_reflects_new_and_hides_credited" time="0.344" /><testcase classname="backend.tests.test_iteration_11_nowpayments.TestNowpaymentsCreateRegression" name="test_rejects_amount_below_1" time="0.102" /><testcase classname="backend.tests.test_iteration_11_nowpayments.TestNowpaymentsCreateRegression" name="test_accepts_amount_10" time="0.328" /></testsuite></testsuites>