<?xml version="1.0" encoding="utf-8"?><testsuites name="pytest tests"><testsuite name="pytest" errors="0" failures="0" skipped="0" tests="9" time="4.159" timestamp="2026-07-06T19:39:59.630514+00:00" hostname="agent-env-75149dea-ebcd-41d3-a0bd-c2723504496b"><testcase classname="backend.tests.test_iter20_spin_5sim" name="test_spin_status_under50_user_blocked" time="1.111" /><testcase classname="backend.tests.test_iter20_spin_5sim" name="test_spin_post_under50_user_returns_403" time="0.114" /><testcase classname="backend.tests.test_iter20_spin_5sim" name="test_spin_eligible_user_can_spin" time="0.815" /><testcase classname="backend.tests.test_iter20_spin_5sim" name="test_spin_cooldown_second_spin_429" time="0.245" /><testcase classname="backend.tests.test_iter20_spin_5sim" name="test_5sim_public_services_no_auth" time="0.123" /><testcase classname="backend.tests.test_iter20_spin_5sim" name="test_5sim_admin_config_set_and_get_masks_key" time="0.486" /><testcase classname="backend.tests.test_iter20_spin_5sim" name="test_5sim_buy_unsupported_product_400" time="0.113" /><testcase classname="backend.tests.test_iter20_spin_5sim" name="test_5sim_buy_insufficient_balance_400" time="0.464" /><testcase classname="backend.tests.test_iter20_spin_5sim" name="test_regression_public_chat_tip_bypasses_rate_limit" time="0.533" /></testsuite></testsuites>