<?xml version="1.0" encoding="utf-8"?><testsuites name="pytest tests"><testsuite name="pytest" errors="0" failures="0" skipped="0" tests="4" time="17.941" timestamp="2026-07-06T19:28:11.651512+00:00" hostname="agent-env-75149dea-ebcd-41d3-a0bd-c2723504496b"><testcase classname="backend.tests.test_iter19_tip_rate_bypass.TestTipRateBypass" name="test_tip_then_normal_msg_not_ratelimited" time="5.063" /><testcase classname="backend.tests.test_iter19_tip_rate_bypass.TestTipRateBypass" name="test_rate_limit_clears_after_wait" time="4.200" /><testcase classname="backend.tests.test_iter19_tip_rate_bypass.TestTipRateBypass" name="test_two_tips_within_3s_both_succeed" time="4.273" /><testcase classname="backend.tests.test_iter19_tip_rate_bypass.TestTipRateBypass" name="test_tip_after_normal_msg_still_works" time="4.279" /></testsuite></testsuites>