<?xml version="1.0" encoding="utf-8"?><testsuites name="pytest tests"><testsuite name="pytest" errors="0" failures="2" skipped="0" tests="25" time="31.220" timestamp="2026-05-04T09:08:11.381445+00:00" hostname="agent-env-75149dea-ebcd-41d3-a0bd-c2723504496b"><testcase classname="backend.tests.test_iteration_3_features.TestAdminAuthGates" name="test_heartbeat_requires_auth" time="0.247" /><testcase classname="backend.tests.test_iteration_3_features.TestAdminAuthGates" name="test_settings_get_requires_auth" time="0.052" /><testcase classname="backend.tests.test_iteration_3_features.TestAdminAuthGates" name="test_settings_post_requires_auth" time="0.052" /><testcase classname="backend.tests.test_iteration_3_features.TestAdminAuthGates" name="test_offline_messages_list_requires_auth" time="0.049" /><testcase classname="backend.tests.test_iteration_3_features.TestAdminAuthGates" name="test_offline_messages_mark_read_requires_auth" time="0.053" /><testcase classname="backend.tests.test_iteration_3_features.TestStaffSettings" name="test_get_default_then_set_and_persist" time="0.188" /><testcase classname="backend.tests.test_iteration_3_features.TestStaffSettings" name="test_set_empty_rejected" time="0.045" /><testcase classname="backend.tests.test_iteration_3_features.TestAdminHeartbeat" name="test_heartbeat_sets_admin_online_true" time="3.281" /><testcase classname="backend.tests.test_iteration_3_features.TestAdminHeartbeat" name="test_admin_online_flips_false_after_stale" time="1.950" /><testcase classname="backend.tests.test_iteration_3_features.TestAIPollFields" name="test_poll_includes_staff_and_flags" time="3.041" /><testcase classname="backend.tests.test_iteration_3_features.TestMultilingualHandover" name="test_handover_triggers[en-I want to talk to staff please]" time="2.376" /><testcase classname="backend.tests.test_iteration_3_features.TestMultilingualHandover" name="test_handover_triggers[de-Ich m\xf6chte mit einem Mitarbeiter sprechen]" time="1.412" /><testcase classname="backend.tests.test_iteration_3_features.TestMultilingualHandover" name="test_handover_triggers[es-Quiero hablar con un humano por favor]" time="2.808" /><testcase classname="backend.tests.test_iteration_3_features.TestMultilingualHandover" name="test_handover_triggers[fr-Je veux parler \xe0 un agent s'il vous pla\xeet]" time="2.156" /><testcase classname="backend.tests.test_iteration_3_features.TestRefundKnowledge" name="test_refund_reply_mentions_policy" time="3.755" /><testcase classname="backend.tests.test_iteration_3_features.TestOfflineMessageFlow" name="test_submit_offline_message_public" time="0.050" /><testcase classname="backend.tests.test_iteration_3_features.TestOfflineMessageFlow" name="test_submit_invalid_email_rejected" time="0.043" /><testcase classname="backend.tests.test_iteration_3_features.TestOfflineMessageFlow" name="test_submit_empty_message_rejected" time="0.043" /><testcase classname="backend.tests.test_iteration_3_features.TestOfflineMessageFlow" name="test_admin_lists_offline_messages" time="0.045"><failure message="AssertionError: offline message not found for TEST_offline_ffed3c@example.com&#10;assert 0 &gt;= 1&#10; +  where 0 = len([])">backend/tests/test_iteration_3_features.py:253: in test_admin_lists_offline_messages
    assert len(mine) &gt;= 1, f"offline message not found for {offline_email}"
E   AssertionError: offline message not found for TEST_offline_ffed3c@example.com
E   assert 0 &gt;= 1
E    +  where 0 = len([])</failure></testcase><testcase classname="backend.tests.test_iteration_3_features.TestOfflineMessageFlow" name="test_mark_read_flips_status" time="0.053"><failure message="StopIteration">backend/tests/test_iteration_3_features.py:258: in test_mark_read_flips_status
    msg = next(m for m in r.json()["messages"] if m.get("email") == offline_email)
          ^^^^^^^^^^^^^^^^^^^^^^^^^^^^^^^^^^^^^^^^^^^^^^^^^^^^^^^^^^^^^^^^^^^^^^^^
E   StopIteration</failure></testcase><testcase classname="backend.tests.test_iteration_3_features.TestAdminSessionsHandoverWaiting" name="test_sessions_response_has_waiting" time="0.059" /><testcase classname="backend.tests.test_iteration_3_features.TestAdminSessionsHandoverWaiting" name="test_handover_waiting_increments_on_handover_request" time="1.146" /><testcase classname="backend.tests.test_iteration_3_features.TestAdminSendUsesStaffName" name="test_send_without_admin_name_uses_settings" time="2.457" /><testcase classname="backend.tests.test_iteration_3_features.TestAdminSendUsesStaffName" name="test_send_with_explicit_admin_name_overrides" time="3.109" /><testcase classname="backend.tests.test_iteration_3_features.TestAdminReleaseInsertsNote" name="test_release_inserts_system_note_with_staff_name" time="2.484" /></testsuite></testsuites>