<?xml version="1.0" encoding="utf-8"?><testsuites name="pytest tests"><testsuite name="pytest" errors="0" failures="0" skipped="1" tests="21" time="24.504" timestamp="2026-07-16T22:18:34.908573+00:00" hostname="agent-env-75149dea-ebcd-41d3-a0bd-c2723504496b"><testcase classname="backend.tests.test_iter23_batch_features.TestBulkLists" name="test_A_empty_list" time="1.797" /><testcase classname="backend.tests.test_iter23_batch_features.TestBulkLists" name="test_B_create_dedupe" time="0.478" /><testcase classname="backend.tests.test_iter23_batch_features.TestBulkLists" name="test_C_empty_targets_400" time="0.103" /><testcase classname="backend.tests.test_iter23_batch_features.TestAddons" name="test_A_catalog_has_autolive" time="0.141" /><testcase classname="backend.tests.test_iter23_batch_features.TestAddons" name="test_B_fresh_user_mine_empty" time="1.488" /><testcase classname="backend.tests.test_iter23_batch_features.TestAddons" name="test_C_purchase_debits_and_unlocks" time="0.350" /><testcase classname="backend.tests.test_iter23_batch_features.TestAddons" name="test_D_double_purchase_400" time="0.102" /><testcase classname="backend.tests.test_iter23_batch_features.TestAddons" name="test_E_purchase_insufficient_balance_402" time="1.027" /><testcase classname="backend.tests.test_iter23_batch_features.TestAddons" name="test_F_unknown_addon_404" time="0.104" /><testcase classname="backend.tests.test_iter23_batch_features.TestLiveSub" name="test_A_my_returns_flag" time="0.117" /><testcase classname="backend.tests.test_iter23_batch_features.TestLiveSub" name="test_B_create_without_ownership_403" time="1.004" /><testcase classname="backend.tests.test_iter23_batch_features.TestLiveSub" name="test_C_create_bad_duration_400" time="15.127" /><testcase classname="backend.tests.test_iter23_batch_features.TestLiveSub" name="test_D_create_non_tiktok_live_service_rejected" time="0.505" /><testcase classname="backend.tests.test_iter23_batch_features.TestLiveSub" name="test_E_cancel_flow" time="0.117"><skipped type="pytest.skip" message="No enabled tiktok live service with rate&gt;0 in catalog">/app/backend/tests/test_iter23_batch_features.py:251: No enabled tiktok live service with rate&gt;0 in catalog</skipped></testcase><testcase classname="backend.tests.test_iter23_batch_features.TestRepeatOrder" name="test_A_repeat_not_found_404" time="0.120" /><testcase classname="backend.tests.test_iter23_batch_features.TestAdminDrill" name="test_A_user_orders_shape" time="0.367" /><testcase classname="backend.tests.test_iter23_batch_features.TestAdminDrill" name="test_B_missing_user_404" time="0.126" /><testcase classname="backend.tests.test_iter23_batch_features.TestAdminRenameId" name="test_A_bad_input_400" time="0.240" /><testcase classname="backend.tests.test_iter23_batch_features.TestAdminRenameId" name="test_B_duplicate_409" time="0.259" /><testcase classname="backend.tests.test_iter23_batch_features.TestAdminRenameId" name="test_C_rename_and_revert" time="0.713" /><testcase classname="backend.tests.test_iter23_batch_features.TestPublicChat" name="test_A_messages_have_username_and_text" time="0.123" /></testsuite></testsuites>