<?xml version="1.0" encoding="utf-8"?><testsuites name="pytest tests"><testsuite name="pytest" errors="0" failures="0" skipped="0" tests="4" time="6.567" timestamp="2026-07-06T19:45:28.182643+00:00" hostname="agent-env-75149dea-ebcd-41d3-a0bd-c2723504496b"><testcase classname="backend.tests.test_iter21_gift_dm" name="test_1_tip_creates_bettersocial_dm_with_note" time="4.790" /><testcase classname="backend.tests.test_iter21_gift_dm" name="test_2_tip_without_note_has_no_note_line" time="0.952" /><testcase classname="backend.tests.test_iter21_gift_dm" name="test_3_system_bot_exactly_one" time="0.001" /><testcase classname="backend.tests.test_iter21_gift_dm" name="test_4_system_bot_cannot_login" time="0.680" /></testsuite></testsuites>