<?xml version="1.0" encoding="utf-8"?><testsuites name="pytest tests"><testsuite name="pytest" errors="0" failures="0" skipped="1" tests="20" time="6.188" timestamp="2026-04-29T20:59:04.822468+00:00" hostname="agent-env-75149dea-ebcd-41d3-a0bd-c2723504496b"><testcase classname="backend.tests.test_better_social.TestServices" name="test_root" time="0.177" /><testcase classname="backend.tests.test_better_social.TestServices" name="test_services_list" time="1.827" /><testcase classname="backend.tests.test_better_social.TestAdminAuth" name="test_login_success" time="0.071" /><testcase classname="backend.tests.test_better_social.TestAdminAuth" name="test_login_wrong" time="0.072" /><testcase classname="backend.tests.test_better_social.TestAdminAuth" name="test_admin_orders_no_token" time="0.068" /><testcase classname="backend.tests.test_better_social.TestAdminAuth" name="test_admin_orders_invalid_token" time="0.071" /><testcase classname="backend.tests.test_better_social.TestAdminAuth" name="test_admin_coupons_no_token" time="0.073" /><testcase classname="backend.tests.test_better_social.TestAdminAuth" name="test_admin_cp_config_no_token" time="0.077" /><testcase classname="backend.tests.test_better_social.TestCoupons" name="test_create_coupon_and_list" time="0.304" /><testcase classname="backend.tests.test_better_social.TestCoupons" name="test_create_coupon_invalid_amount" time="0.070" /><testcase classname="backend.tests.test_better_social.TestCoupons" name="test_check_invalid_coupon" time="0.163" /><testcase classname="backend.tests.test_better_social.TestCoupons" name="test_check_empty_coupon" time="0.078" /><testcase classname="backend.tests.test_better_social.TestCheckout" name="test_checkout_invalid_coupon" time="0.073" /><testcase classname="backend.tests.test_better_social.TestCheckout" name="test_checkout_insufficient_balance" time="0.140" /><testcase classname="backend.tests.test_better_social.TestCheckout" name="test_checkout_balance_deduction_correctness" time="2.386" /><testcase classname="backend.tests.test_better_social.TestCheckout" name="test_orders_have_ip_after_real_checkout" time="0.076" /><testcase classname="backend.tests.test_better_social.TestCheckout" name="test_checkout_coinpayments_not_configured" time="0.070"><skipped type="pytest.skip" message="CoinPayments already configured; skipping not-configured test">/app/backend/tests/test_better_social.py:211: CoinPayments already configured; skipping not-configured test</skipped></testcase><testcase classname="backend.tests.test_better_social.TestCheckout" name="test_checkout_invalid_method" time="0.072" /><testcase classname="backend.tests.test_better_social.TestCoinPaymentsConfig" name="test_set_and_get_masked" time="0.150" /><testcase classname="backend.tests.test_better_social.TestAdminOrders" name="test_orders_list_and_ip_captured" time="0.077" /></testsuite></testsuites>